<?xml version="1.0" encoding="UTF-8"?>
<!-- Generated by org.testng.reporters.JUnitXMLReporter -->
<testsuite hostname="TMM-NOTE" ignored="0" name="Regression1" tests="4" failures="2" timestamp="26 二月 2018 18:21:59 GMT" time="11.011" errors="0">
  <testcase name="Test_ByExcel" time="4.495" classname="com.milan.cases.DefaultTest">
    <failure type="java.lang.Throwable">
      <![CDATA[java.lang.Throwable
at message : 验证code expected [000] but found [null] in method : .Test_ByExcel(DefaultTest:38)
at com.milan.cases.DefaultTest.Test_ByExcel(DefaultTest.java:38)
]]>
    </failure>
  </testcase> <!-- Test_ByExcel -->
  <testcase name="Test_ByExcel" time="1.914" classname="com.milan.cases.DefaultTest">
    <failure type="java.lang.Throwable">
      <![CDATA[java.lang.Throwable
at message : 验证code expected [000] but found [null] in method : .Test_ByExcel(DefaultTest:38)
at com.milan.cases.DefaultTest.Test_ByExcel(DefaultTest.java:38)
]]>
    </failure>
  </testcase> <!-- Test_ByExcel -->
  <testcase name="Test_ByExcel" time="1.846" classname="com.milan.cases.DefaultTest"/>
  <testcase name="Test_ByExcel" time="1.884" classname="com.milan.cases.DefaultTest"/>
</testsuite> <!-- Regression1 -->
