<?xml version="1.0" encoding="UTF-8"?>
<testsuite name="TestSuite" time="4.504" tests="4" errors="0" skipped="0" failures="2">
  <properties>
[...]
</properties>
  <testcase name="Test_ByExcel" classname="com.milan.cases.DefaultTest" time="4.504">
    <failure type="java.lang.Throwable:">java.lang.Throwable: null
	at message : 验证code expected [000] but found [null] in method : .Test_ByExcel(DefaultTest:38)
	at com.milan.cases.DefaultTest.Test_ByExcel(DefaultTest.java:38)
</failure>
    <system-out><![CDATA[{abc=1515487537751822, osType=2}
INFO  2018-02-27 02:21:49 : ----------用例执行--------------
INFO  2018-02-27 02:21:51 : excute_sql:
INFO  2018-02-27 02:21:51 : [{"csp_coupon_config":[{"activity_id":1505739945313957,"config_id":1,"config_status":3,"creator":1,"ctime":1505786501,"ctime__date":"2017-09-19 10:01:41","game_id":1482315637416,"num_limit":1,"os_type":2,"utime":1516175975,"utime__date":"2018-01-17 15:59:35","valid_days":7,"value":50}]},{"csp_coupon_config":[{"activity_id":1505739945313957,"config_id":1,"config_status":3,"creator":1,"ctime":1505786501,"ctime__date":"2017-09-19 10:01:41","game_id":1482315637416,"num_limit":1,"os_type":2,"utime":1516175975,"utime__date":"2018-01-17 15:59:35","valid_days":7,"value":50}]}]
INFO  2018-02-27 02:21:54 : excute_sql:
INFO  2018-02-27 02:21:54 : [{"csp_activity":[{"activity_id":100001,"activity_name":"喵盟代金券活动","activity_status":2,"activity_type":2,"balance":8502,"begin_time":1488765996,"begin_time__date":"2017-03-06 10:06:36","creator":1,"ctime":1488765996,"ctime__date":"2017-03-06 10:06:36","end_time":1607702400,"end_time__date":"2020-12-12 00:00:00","is_delete":0,"utime":1519554053,"utime__date":"2018-02-25 18:20:53"}]},{"csp_coupon_config":[{"activity_id":1515487537751822,"config_id":300022222,"config_status":2,"creator":111,"ctime":1515399562,"ctime__date":"2018-01-08 16:19:22","game_id":1479887736941,"num_limit":1,"os_type":2,"utime":1515399690,"utime__date":"2018-01-08 16:21:30","valid_days":7,"value":1},{"activity_id":1515487537751822,"config_id":300022223,"config_status":2,"creator":111,"ctime":1515399562,"ctime__date":"2018-01-08 16:19:22","game_id":1501483404135263,"num_limit":2,"os_type":2,"utime":1515399690,"utime__date":"2018-01-08 16:21:30","valid_days":7,"value":2},{"activity_id":1515487537751822,"config_id":300022225,"config_status":3,"creator":111,"ctime":1515399562,"ctime__date":"2018-01-08 16:19:22","game_id":1501555342947295,"num_limit":2,"os_type":2,"utime":1515399690,"utime__date":"2018-01-08 16:21:30","valid_days":7,"value":4},{"activity_id":1515487537751822,"config_id":300022226,"config_status":1,"creator":111,"ctime":1515399562,"ctime__date":"2018-01-08 16:19:22","game_id":1501638381223898,"num_limit":2,"os_type":1,"utime":1515399690,"utime__date":"2018-01-08 16:21:30","valid_days":7,"value":5},{"activity_id":1515487537751822,"config_id":300022224,"config_status":2,"creator":111,"ctime":1515399562,"ctime__date":"2018-01-08 16:19:22","game_id":1501917548532190,"num_limit":2,"os_type":1,"utime":1515399690,"utime__date":"2018-01-08 16:21:30","valid_days":7,"value":3}]},{"csp_activity_capital_flow":[]},{"csp_activity_user":[]},{"csp_coupon":[]}]
INFO  2018-02-27 02:21:54 : -------【end】------------

]]></system-out>
  </testcase>
  <testcase name="Test_ByExcel" classname="com.milan.cases.DefaultTest" time="1.913">
    <failure type="java.lang.Throwable:">java.lang.Throwable: null
	at message : 验证code expected [000] but found [null] in method : .Test_ByExcel(DefaultTest:38)
	at com.milan.cases.DefaultTest.Test_ByExcel(DefaultTest.java:38)
</failure>
    <system-out><![CDATA[{abc=1515487537751822, osType=2}
INFO  2018-02-27 02:21:54 : ----------用例执行--------------
INFO  2018-02-27 02:21:54 : excute_sql:
INFO  2018-02-27 02:21:54 : [{"csp_coupon_config":[{"activity_id":1505739945313957,"config_id":1,"config_status":3,"creator":1,"ctime":1505786501,"ctime__date":"2017-09-19 10:01:41","game_id":1482315637416,"num_limit":1,"os_type":2,"utime":1516175975,"utime__date":"2018-01-17 15:59:35","valid_days":7,"value":50}]},{"csp_coupon_config":[{"activity_id":1505739945313957,"config_id":1,"config_status":3,"creator":1,"ctime":1505786501,"ctime__date":"2017-09-19 10:01:41","game_id":1482315637416,"num_limit":1,"os_type":2,"utime":1516175975,"utime__date":"2018-01-17 15:59:35","valid_days":7,"value":50}]}]
INFO  2018-02-27 02:21:55 : excute_sql:
INFO  2018-02-27 02:21:55 : [{"csp_activity":[{"activity_id":100001,"activity_name":"喵盟代金券活动","activity_status":2,"activity_type":2,"balance":8502,"begin_time":1488765996,"begin_time__date":"2017-03-06 10:06:36","creator":1,"ctime":1488765996,"ctime__date":"2017-03-06 10:06:36","end_time":1607702400,"end_time__date":"2020-12-12 00:00:00","is_delete":0,"utime":1519554053,"utime__date":"2018-02-25 18:20:53"}]},{"csp_coupon_config":[{"activity_id":1515487537751822,"config_id":300022222,"config_status":2,"creator":111,"ctime":1515399562,"ctime__date":"2018-01-08 16:19:22","game_id":1479887736941,"num_limit":1,"os_type":2,"utime":1515399690,"utime__date":"2018-01-08 16:21:30","valid_days":7,"value":1},{"activity_id":1515487537751822,"config_id":300022223,"config_status":2,"creator":111,"ctime":1515399562,"ctime__date":"2018-01-08 16:19:22","game_id":1501483404135263,"num_limit":2,"os_type":2,"utime":1515399690,"utime__date":"2018-01-08 16:21:30","valid_days":7,"value":2},{"activity_id":1515487537751822,"config_id":300022225,"config_status":3,"creator":111,"ctime":1515399562,"ctime__date":"2018-01-08 16:19:22","game_id":1501555342947295,"num_limit":2,"os_type":2,"utime":1515399690,"utime__date":"2018-01-08 16:21:30","valid_days":7,"value":4},{"activity_id":1515487537751822,"config_id":300022226,"config_status":1,"creator":111,"ctime":1515399562,"ctime__date":"2018-01-08 16:19:22","game_id":1501638381223898,"num_limit":2,"os_type":1,"utime":1515399690,"utime__date":"2018-01-08 16:21:30","valid_days":7,"value":5},{"activity_id":1515487537751822,"config_id":300022224,"config_status":2,"creator":111,"ctime":1515399562,"ctime__date":"2018-01-08 16:19:22","game_id":1501917548532190,"num_limit":2,"os_type":1,"utime":1515399690,"utime__date":"2018-01-08 16:21:30","valid_days":7,"value":3}]},{"csp_activity_capital_flow":[]},{"csp_activity_user":[]},{"csp_coupon":[]}]
INFO  2018-02-27 02:21:55 : -------【end】------------

]]></system-out>
  </testcase>
  <testcase name="Test_ByExcel" classname="com.milan.cases.DefaultTest" time="1.856"/>
  <testcase name="Test_ByExcel" classname="com.milan.cases.DefaultTest" time="1.883"/>
</testsuite>